<?xml version="1.0" encoding="UTF-8"?>
<!-- Generated by org.testng.reporters.JUnitReportReporter -->
<testsuite skipped="0" hostname="Jacquelines-MacBook-Air.local" name="android.DragnDropTest" tests="1" failures="0" timestamp="20 Aug 2018 17:29:13 GMT" time="14.933" errors="0">
  <testcase name="DragAndDrop" time="14.933" classname="android.DragnDropTest"/>
</testsuite> <!-- android.DragnDropTest -->
